<?xml version="1.0" encoding="UTF-8"?>
<!-- Generated by org.testng.reporters.JUnitReportReporter -->
<testsuite hostname="LAPTOP-7AE2PAGQ" failures="0" tests="1" name="com.Testing.TestExecution" time="8.814" errors="0" timestamp="2021-07-17T14:35:23 EDT" skipped="0">
  <testcase classname="com.Testing.TestExecution" name="Login" time="8.814"/>
  <system-out/>
</testsuite> <!-- com.Testing.TestExecution -->
